#
# There is insufficient memory for the Java Runtime Environment to continue.
# Native memory allocation (malloc) failed to allocate 32744 bytes for ChunkPool::allocate
# Possible reasons:
#   The system is out of physical RAM or swap space
#   The process is running with CompressedOops enabled, and the Java Heap may be blocking the growth of the native heap
# Possible solutions:
#   Reduce memory load on the system
#   Increase physical memory or swap space
#   Check if swap backing store is full
#   Decrease Java heap size (-Xmx/-Xms)
#   Decrease number of Java threads
#   Decrease Java thread stack sizes (-Xss)
#   Set larger code cache with -XX:ReservedCodeCacheSize=
#   JVM is running with Unscaled Compressed Oops mode in which the Java heap is
#     placed in the first 4GB address space. The Java Heap base address is the
#     maximum limit for the native heap growth. Please use -XX:HeapBaseMinAddress
#     to set the Java Heap base and to place the Java Heap above 4GB virtual address.
# This output file may be truncated or incomplete.
#
#  Out of Memory Error (allocation.cpp:272), pid=51472, tid=0x000000000000e474
#
# JRE version: Java(TM) SE Runtime Environment (8.0_341-b10) (build 1.8.0_341-b10)
# Java VM: Java HotSpot(TM) 64-Bit Server VM (25.341-b10 mixed mode windows-amd64 compressed oops)
# Failed to write core dump. Minidumps are not enabled by default on client versions of Windows
#

---------------  T H R E A D  ---------------

Current thread (0x000001b87fc7f000):  JavaThread "C1 CompilerThread3" daemon [_thread_in_native, id=58484, stack(0x0000000f9bf00000,0x0000000f9c000000)]

Stack: [0x0000000f9bf00000,0x0000000f9c000000]
Native frames: (J=compiled Java code, j=interpreted, Vv=VM code, C=native code)
V  [jvm.dll+0x32fa99]
V  [jvm.dll+0x275ff2]
V  [jvm.dll+0x276c9d]
V  [jvm.dll+0x26d645]
V  [jvm.dll+0xd5cdd]
V  [jvm.dll+0xd603c]
V  [jvm.dll+0x3e50d4]
V  [jvm.dll+0x3ed87a]
V  [jvm.dll+0x3f01cc]
V  [jvm.dll+0x3e3f94]
V  [jvm.dll+0x3ef88b]
V  [jvm.dll+0x3f2cd8]
V  [jvm.dll+0x3f276c]
V  [jvm.dll+0x3e9eb4]
V  [jvm.dll+0x3ec320]
V  [jvm.dll+0x3ea704]
V  [jvm.dll+0x3f31ac]
V  [jvm.dll+0x3f276c]
V  [jvm.dll+0x3e9eb4]
V  [jvm.dll+0x3ec320]
V  [jvm.dll+0x3ea704]
V  [jvm.dll+0x3e46c6]
V  [jvm.dll+0x3f72fc]
V  [jvm.dll+0x3f7072]
V  [jvm.dll+0x3e10e8]
V  [jvm.dll+0x3e140e]
V  [jvm.dll+0x3e167e]
V  [jvm.dll+0x3e0dd1]
V  [jvm.dll+0x3e280f]
V  [jvm.dll+0xac68b]
V  [jvm.dll+0xaaceb]
V  [jvm.dll+0x23e542]
V  [jvm.dll+0x292d2c]
C  [ucrtbase.dll+0x26c0c]
C  [KERNEL32.DLL+0x155a0]
C  [ntdll.dll+0x485b]


Current CompileTask:
C1:   5858  743   !   3       java.awt.DefaultKeyboardFocusManager::dispatchEvent (1645 bytes)


---------------  P R O C E S S  ---------------

Java Threads: ( => current thread )
  0x000001b805188800 JavaThread "D3D Screen Updater" daemon [_thread_blocked, id=57140, stack(0x0000000f9d300000,0x0000000f9d400000)]
  0x000001b804e98000 JavaThread "TimerQueue" daemon [_thread_blocked, id=60420, stack(0x0000000f9d100000,0x0000000f9d200000)]
  0x000001b804e4c800 JavaThread "Image Fetcher 0" daemon [_thread_blocked, id=55424, stack(0x0000000f9d000000,0x0000000f9d100000)]
  0x000001b86ce60000 JavaThread "DestroyJavaVM" [_thread_blocked, id=60828, stack(0x0000000f9ac00000,0x0000000f9ad00000)]
  0x000001b8046e7000 JavaThread "AWT-EventQueue-0" [_thread_blocked, id=27628, stack(0x0000000f9c500000,0x0000000f9c600000)]
  0x000001b8046db000 JavaThread "AWT-Windows" daemon [_thread_in_native, id=62248, stack(0x0000000f9c400000,0x0000000f9c500000)]
  0x000001b8046d5000 JavaThread "AWT-Shutdown" [_thread_blocked, id=58928, stack(0x0000000f9c300000,0x0000000f9c400000)]
  0x000001b8046d4000 JavaThread "Java2D Disposer" daemon [_thread_blocked, id=57076, stack(0x0000000f9c200000,0x0000000f9c300000)]
  0x000001b80437c000 JavaThread "Service Thread" daemon [_thread_blocked, id=57340, stack(0x0000000f9c000000,0x0000000f9c100000)]
=>0x000001b87fc7f000 JavaThread "C1 CompilerThread3" daemon [_thread_in_native, id=58484, stack(0x0000000f9bf00000,0x0000000f9c000000)]
  0x000001b87fc7b800 JavaThread "C2 CompilerThread2" daemon [_thread_blocked, id=62976, stack(0x0000000f9be00000,0x0000000f9bf00000)]
  0x000001b87fc78800 JavaThread "C2 CompilerThread1" daemon [_thread_in_native, id=45436, stack(0x0000000f9bd00000,0x0000000f9be00000)]
  0x000001b87fc77000 JavaThread "C2 CompilerThread0" daemon [_thread_blocked, id=63564, stack(0x0000000f9bc00000,0x0000000f9bd00000)]
  0x000001b87fc76000 JavaThread "Attach Listener" daemon [_thread_blocked, id=28008, stack(0x0000000f9bb00000,0x0000000f9bc00000)]
  0x000001b87fc74800 JavaThread "Signal Dispatcher" daemon [_thread_blocked, id=36100, stack(0x0000000f9ba00000,0x0000000f9bb00000)]
  0x000001b87fc4e000 JavaThread "Finalizer" daemon [_thread_blocked, id=67208, stack(0x0000000f9b900000,0x0000000f9ba00000)]
  0x000001b87fc47800 JavaThread "Reference Handler" daemon [_thread_blocked, id=29800, stack(0x0000000f9b800000,0x0000000f9b900000)]

Other Threads:
  0x000001b87fc15800 VMThread [stack: 0x0000000f9b700000,0x0000000f9b800000] [id=26612]
  0x000001b8043a5800 WatcherThread [stack: 0x0000000f9c100000,0x0000000f9c200000] [id=66024]

VM state:not at safepoint (normal execution)

VM Mutex/Monitor currently owned by a thread: None

heap address: 0x00000000a2200000, size: 1502 MB, Compressed Oops mode: 32-bit
Narrow klass base: 0x0000000000000000, Narrow klass shift: 3
Compressed class space size: 1073741824 Address: 0x0000000100000000

Heap:
 PSYoungGen      total 28160K, used 16935K [0x00000000e0b80000, 0x00000000e2a80000, 0x0000000100000000)
  eden space 24576K, 68% used [0x00000000e0b80000,0x00000000e1c09c70,0x00000000e2380000)
  from space 3584K, 0% used [0x00000000e2700000,0x00000000e2700000,0x00000000e2a80000)
  to   space 3584K, 0% used [0x00000000e2380000,0x00000000e2380000,0x00000000e2700000)
 ParOldGen       total 64512K, used 0K [0x00000000a2200000, 0x00000000a6100000, 0x00000000e0b80000)
  object space 64512K, 0% used [0x00000000a2200000,0x00000000a2200000,0x00000000a6100000)
 Metaspace       used 11766K, capacity 11966K, committed 12416K, reserved 1060864K
  class space    used 1475K, capacity 1551K, committed 1664K, reserved 1048576K

Card table byte_map: [0x000001b87dd10000,0x000001b87e000000] byte_map_base: 0x000001b87d7ff000

Marking Bits: (ParMarkBitMap*) 0x000000006b4d9030
 Begin Bits: [0x000001b800000000, 0x000001b801778000)
 End Bits:   [0x000001b801778000, 0x000001b802ef0000)

Polling page: 0x000001b86d0c0000

CodeCache: size=245760Kb used=2728Kb max_used=2728Kb free=243032Kb
 bounds [0x000001b86e950000, 0x000001b86ec00000, 0x000001b87d950000]
 total_blobs=1239 nmethods=741 adapters=412
 compilation: enabled

Compilation events (10 events):
Event: 5.799 Thread 0x000001b87fc7f000 nmethod 738 0x000001b86ebf6ed0 code [0x000001b86ebf7020, 0x000001b86ebf7218]
Event: 5.799 Thread 0x000001b87fc7f000  739       3       java.awt.KeyboardFocusManager::checkKFMSecurity (11 bytes)
Event: 5.800 Thread 0x000001b87fc7f000 nmethod 739 0x000001b86ebf6650 code [0x000001b86ebf6800, 0x000001b86ebf6ce0]
Event: 5.800 Thread 0x000001b87fc7f000  740       1       sun.util.locale.StringTokenIterator::isDone (5 bytes)
Event: 5.801 Thread 0x000001b87fc7f000 nmethod 740 0x000001b86ebf6390 code [0x000001b86ebf64e0, 0x000001b86ebf65f8]
Event: 5.803 Thread 0x000001b87fc7f000  741       3       java.util.concurrent.locks.ReentrantLock$NonfairSync::tryAcquire (6 bytes)
Event: 5.803 Thread 0x000001b87fc7f000 nmethod 741 0x000001b86ebf5f90 code [0x000001b86ebf6100, 0x000001b86ebf6310]
Event: 5.803 Thread 0x000001b87fc7f000  742       3       java.util.concurrent.locks.ReentrantLock$Sync::nonfairTryAcquire (67 bytes)
Event: 5.804 Thread 0x000001b87fc7f000 nmethod 742 0x000001b86ebfa890 code [0x000001b86ebfaa20, 0x000001b86ebfb150]
Event: 5.807 Thread 0x000001b87fc7f000  743   !   3       java.awt.DefaultKeyboardFocusManager::dispatchEvent (1645 bytes)

GC Heap History (0 events):
No events

Deoptimization events (4 events):
Event: 5.679 Thread 0x000001b8046e7000 Uncommon trap: reason=class_check action=maybe_recompile pc=0x000001b86eac98e0 method=java.lang.String.equals(Ljava/lang/Object;)Z @ 8
Event: 5.683 Thread 0x000001b8046e7000 Uncommon trap: reason=class_check action=maybe_recompile pc=0x000001b86eac98e0 method=java.lang.String.equals(Ljava/lang/Object;)Z @ 8
Event: 5.688 Thread 0x000001b8046e7000 Uncommon trap: reason=class_check action=maybe_recompile pc=0x000001b86eac98e0 method=java.lang.String.equals(Ljava/lang/Object;)Z @ 8
Event: 5.688 Thread 0x000001b8046e7000 Uncommon trap: reason=class_check action=maybe_recompile pc=0x000001b86eac98e0 method=java.lang.String.equals(Ljava/lang/Object;)Z @ 8

Classes redefined (0 events):
No events

Internal exceptions (8 events):
Event: 0.045 Thread 0x000001b86ce60000 Exception <a 'java/lang/NoSuchMethodError': Method sun.misc.Unsafe.defineClass(Ljava/lang/String;[BII)Ljava/lang/Class; name or signature does not match> (0x00000000e0b87cc8) thrown at [C:\jenkins\workspace\8-2-build-windows-x64-cygwin\jdk8u341\2692\hotsp
Event: 0.045 Thread 0x000001b86ce60000 Exception <a 'java/lang/NoSuchMethodError': Method sun.misc.Unsafe.prefetchRead(Ljava/lang/Object;J)V name or signature does not match> (0x00000000e0b87fb0) thrown at [C:\jenkins\workspace\8-2-build-windows-x64-cygwin\jdk8u341\2692\hotspot\src\share\vm\pr
Event: 0.137 Thread 0x000001b86ce60000 Exception <a 'java/security/PrivilegedActionException'> (0x00000000e0c849f0) thrown at [C:\jenkins\workspace\8-2-build-windows-x64-cygwin\jdk8u341\2692\hotspot\src\share\vm\prims\jvm.cpp, line 1523]
Event: 0.137 Thread 0x000001b86ce60000 Exception <a 'java/security/PrivilegedActionException'> (0x00000000e0c84c00) thrown at [C:\jenkins\workspace\8-2-build-windows-x64-cygwin\jdk8u341\2692\hotspot\src\share\vm\prims\jvm.cpp, line 1523]
Event: 0.146 Thread 0x000001b86ce60000 Exception <a 'java/io/FileNotFoundException'> (0x00000000e0c895a0) thrown at [C:\jenkins\workspace\8-2-build-windows-x64-cygwin\jdk8u341\2692\hotspot\src\share\vm\prims\jni.cpp, line 710]
Event: 0.201 Thread 0x000001b86ce60000 Exception <a 'java/lang/NoSuchFieldError': method resolution failed> (0x00000000e0d5ae88) thrown at [C:\jenkins\workspace\8-2-build-windows-x64-cygwin\jdk8u341\2692\hotspot\src\share\vm\prims\methodHandles.cpp, line 1188]
Event: 0.204 Thread 0x000001b86ce60000 Exception <a 'java/lang/NoSuchFieldError': method resolution failed> (0x00000000e0d68258) thrown at [C:\jenkins\workspace\8-2-build-windows-x64-cygwin\jdk8u341\2692\hotspot\src\share\vm\prims\methodHandles.cpp, line 1188]
Event: 0.363 Thread 0x000001b8046e7000 Exception <a 'java/io/FileNotFoundException'> (0x00000000e0eef888) thrown at [C:\jenkins\workspace\8-2-build-windows-x64-cygwin\jdk8u341\2692\hotspot\src\share\vm\prims\jni.cpp, line 710]

Events (10 events):
Event: 5.757 loading class java/awt/WaitDispatchSupport$2
Event: 5.757 loading class java/awt/WaitDispatchSupport$2 done
Event: 5.757 loading class java/awt/WaitDispatchSupport$4
Event: 5.757 loading class java/awt/WaitDispatchSupport$4 done
Event: 5.757 loading class sun/awt/ModalExclude
Event: 5.757 loading class sun/awt/ModalExclude done
Event: 5.758 Executing VM operation: RevokeBias
Event: 5.758 Executing VM operation: RevokeBias done
Event: 5.780 Executing VM operation: RevokeBias
Event: 5.780 Executing VM operation: RevokeBias done


Dynamic libraries:
0x00007ff799f10000 - 0x00007ff799f57000 	C:\Java\bin\java.exe
0x00007ffeaa120000 - 0x00007ffeaa329000 	C:\Windows\SYSTEM32\ntdll.dll
0x00007ffea8a70000 - 0x00007ffea8b2e000 	C:\Windows\System32\KERNEL32.DLL
0x00007ffea7820000 - 0x00007ffea7b9c000 	C:\Windows\System32\KERNELBASE.dll
0x00007ffea9200000 - 0x00007ffea92ae000 	C:\Windows\System32\ADVAPI32.dll
0x00007ffea8110000 - 0x00007ffea81b3000 	C:\Windows\System32\msvcrt.dll
0x00007ffea8830000 - 0x00007ffea88ce000 	C:\Windows\System32\sechost.dll
0x00007ffea7ff0000 - 0x00007ffea8110000 	C:\Windows\System32\RPCRT4.dll
0x00007ffea8b30000 - 0x00007ffea8cdd000 	C:\Windows\System32\USER32.dll
0x00007ffea7ba0000 - 0x00007ffea7bc6000 	C:\Windows\System32\win32u.dll
0x00007ffea92b0000 - 0x00007ffea92d9000 	C:\Windows\System32\GDI32.dll
0x00007ffea7bd0000 - 0x00007ffea7ce8000 	C:\Windows\System32\gdi32full.dll
0x00007ffea7e80000 - 0x00007ffea7f1d000 	C:\Windows\System32\msvcp_win.dll
0x00007ffea7d60000 - 0x00007ffea7e71000 	C:\Windows\System32\ucrtbase.dll
0x00007ffe8f4c0000 - 0x00007ffe8f765000 	C:\Windows\WinSxS\amd64_microsoft.windows.common-controls_6595b64144ccf1df_6.0.22000.120_none_9d947278b86cc467\COMCTL32.dll
0x00007ffea8fd0000 - 0x00007ffea9002000 	C:\Windows\System32\IMM32.DLL
0x00007ffe98f80000 - 0x00007ffe98f95000 	C:\Java\jre\bin\vcruntime140.dll
0x00007ffe69480000 - 0x00007ffe6951b000 	C:\Java\jre\bin\msvcp140.dll
0x000000006acf0000 - 0x000000006b551000 	C:\Java\jre\bin\server\jvm.dll
0x00007ffea7fe0000 - 0x00007ffea7fe8000 	C:\Windows\System32\PSAPI.DLL
0x00007ffea1e90000 - 0x00007ffea1e9a000 	C:\Windows\SYSTEM32\VERSION.dll
0x00007ffea1ff0000 - 0x00007ffea2023000 	C:\Windows\SYSTEM32\WINMM.dll
0x00007ffea3930000 - 0x00007ffea3939000 	C:\Windows\SYSTEM32\WSOCK32.dll
0x00007ffea8e80000 - 0x00007ffea8eef000 	C:\Windows\System32\WS2_32.dll
0x00007ffea6670000 - 0x00007ffea6688000 	C:\Windows\SYSTEM32\kernel.appcore.dll
0x00007ffe94ad0000 - 0x00007ffe94ae0000 	C:\Java\jre\bin\verify.dll
0x00007ffe86da0000 - 0x00007ffe86dcb000 	C:\Java\jre\bin\java.dll
0x00007ffe8de80000 - 0x00007ffe8de98000 	C:\Java\jre\bin\zip.dll
0x00007ffea9750000 - 0x00007ffea9f15000 	C:\Windows\System32\SHELL32.dll
0x00007ffea56e0000 - 0x00007ffea5f45000 	C:\Windows\SYSTEM32\windows.storage.dll
0x00007ffea81d0000 - 0x00007ffea8548000 	C:\Windows\System32\combase.dll
0x00007ffea5570000 - 0x00007ffea56d6000 	C:\Windows\SYSTEM32\wintypes.dll
0x00007ffea88d0000 - 0x00007ffea89ba000 	C:\Windows\System32\SHCORE.dll
0x00007ffea85c0000 - 0x00007ffea861d000 	C:\Windows\System32\shlwapi.dll
0x00007ffea7520000 - 0x00007ffea7541000 	C:\Windows\SYSTEM32\profapi.dll
0x00007ffe44d60000 - 0x00007ffe44ef5000 	C:\Java\jre\bin\awt.dll
0x00007ffea8ef0000 - 0x00007ffea8fc6000 	C:\Windows\System32\OLEAUT32.dll
0x00007ffea4600000 - 0x00007ffea4691000 	C:\Windows\SYSTEM32\apphelp.dll
0x00007ffea47a0000 - 0x00007ffea484c000 	C:\Windows\system32\uxtheme.dll
0x00007ffea86b0000 - 0x00007ffea87cd000 	C:\Windows\System32\MSCTF.dll
0x00007ffea8ce0000 - 0x00007ffea8e7a000 	C:\Windows\System32\ole32.dll
0x00007ffea7f20000 - 0x00007ffea7f9f000 	C:\Windows\System32\bcryptPrimitives.dll
0x00007ffea4cf0000 - 0x00007ffea4d1f000 	C:\Windows\system32\DWMAPI.DLL
0x00007ffe4f740000 - 0x00007ffe4f841000 	C:\Windows\system32\opengl32.dll
0x00007ffe58480000 - 0x00007ffe584ad000 	C:\Windows\SYSTEM32\GLU32.dll
0x00007ffea4a90000 - 0x00007ffea4ac8000 	C:\Windows\SYSTEM32\dxcore.dll
0x00007ffe578b0000 - 0x00007ffe57a56000 	C:\Windows\system32\d3d9.dll
0x00007ffe9db60000 - 0x00007ffe9dd1a000 	C:\Windows\System32\DriverStore\FileRepository\u0381556.inf_amd64_7dd5c787427781eb\B381591\aticfx64.dll
0x00007ffe8c130000 - 0x00007ffe8c164000 	C:\Windows\System32\DriverStore\FileRepository\u0381556.inf_amd64_7dd5c787427781eb\B381591\atiu9p64.dll
0x00007ffe3b8e0000 - 0x00007ffe3c636000 	C:\Windows\System32\DriverStore\FileRepository\u0381556.inf_amd64_7dd5c787427781eb\B381591\atiumd64.dll
0x00007ffea5180000 - 0x00007ffea53a1000 	C:\Windows\SYSTEM32\dbghelp.dll
0x00007ffe98f00000 - 0x00007ffe98f31000 	C:\Windows\SYSTEM32\dbgcore.DLL
0x000000006b640000 - 0x000000006c4ff000 	C:\Windows\System32\DriverStore\FileRepository\u0381556.inf_amd64_7dd5c787427781eb\B381591\atiumd6a.dll
0x00007ffea92e0000 - 0x00007ffea974c000 	C:\Windows\System32\SETUPAPI.dll
0x00007ffea7320000 - 0x00007ffea736d000 	C:\Windows\SYSTEM32\POWRPROF.dll
0x00007ffea7300000 - 0x00007ffea7313000 	C:\Windows\SYSTEM32\UMPDC.dll
0x00007ffe9b1e0000 - 0x00007ffe9b210000 	C:\Windows\SYSTEM32\amdihk64.dll
0x00007ffea2180000 - 0x00007ffea21c4000 	C:\Windows\SYSTEM32\directxdatabasehelper.dll
0x00007ffea6690000 - 0x00007ffea66c4000 	C:\Windows\SYSTEM32\ntmarta.dll
0x00007ffe7b5a0000 - 0x00007ffe7b5e9000 	C:\Java\jre\bin\fontmanager.dll
0x00007ffe8b590000 - 0x00007ffe8b5ac000 	C:\Java\jre\bin\net.dll
0x00007ffea6b10000 - 0x00007ffea6b77000 	C:\Windows\system32\mswsock.dll
0x00007ffe871b0000 - 0x00007ffe871c3000 	C:\Java\jre\bin\nio.dll
0x00007ffe7ad20000 - 0x00007ffe7ad63000 	C:\Java\jre\bin\t2k.dll
0x00007ffea89c0000 - 0x00007ffea8a6f000 	C:\Windows\System32\clbcatq.dll
0x00007ffe9efa0000 - 0x00007ffe9f14e000 	C:\Windows\SYSTEM32\WindowsCodecs.dll
0x00007ffe84a30000 - 0x00007ffe84a8d000 	C:\Windows\system32\dataexchange.dll
0x00007ffe9e930000 - 0x00007ffe9eb96000 	C:\Windows\system32\twinapi.appcore.dll
0x00007ffe8aca0000 - 0x00007ffe8adcd000 	C:\Windows\SYSTEM32\textinputframework.dll
0x00007ffea4310000 - 0x00007ffea4441000 	C:\Windows\SYSTEM32\CoreMessaging.dll
0x00007ffea1390000 - 0x00007ffea16fd000 	C:\Windows\SYSTEM32\CoreUIComponents.dll
0x00007ffea6dc0000 - 0x00007ffea6dcc000 	C:\Windows\SYSTEM32\CRYPTBASE.DLL

VM Arguments:
jvm_args: -Dfile.encoding=UTF-8 
java_command: login
java_class_path (initial): D:\mysql-connector-java-5.0.2.jar;C:\Program Files\NetBeans-16\netbeans\java\modules\ext\AbsoluteLayout.jar;C:\Users\Sujit\OneDrive\Documents\NetBeansProjects\Gym\build\classes
Launcher Type: SUN_STANDARD

Environment Variables:
JAVA_HOME=C:\Java\jdk-1.8\bin
PATH=C:\ProgramData\Oracle\Java\javapath;C:\Java\jdk-1.8\bin;C:\Program Files\Eclipse Adoptium\jdk-8.0.345.1-hotspot\bin;C:\Program Files\Common Files\Oracle\Java\javapath;C:\Windows\system32;C:\Windows;C:\Windows\System32\Wbem;C:\Windows\System32\WindowsPowerShell\v1.0\;C:\Windows\System32\OpenSSH\;C:\Program Files\Java\jdk-18.0.2\bin;C:\Java\jdk-1.8\bin;C:\Program Files\nodejs\;C:\Program Files\Git\cmd;C:\Java\jdk-1.8\bin;C:\Users\Sujit\AppData\Local\Microsoft\WindowsApps;C:\Users\Sujit\AppData\Local\Programs\Microsoft VS Code\bin;C:\Users\Sujit\AppData\Roaming\npm
USERNAME=Sujit
OS=Windows_NT
PROCESSOR_IDENTIFIER=AMD64 Family 23 Model 104 Stepping 1, AuthenticAMD



---------------  S Y S T E M  ---------------

OS: Windows 11 , 64 bit Build 22000 (10.0.22000.1516)

CPU:total 12 (initial active 12) (12 cores per cpu, 1 threads per core) family 23 model 104 stepping 1, cmov, cx8, fxsr, mmx, sse, sse2, sse3, ssse3, sse4.1, sse4.2, popcnt, avx, avx2, aes, clmul, mmxext, 3dnowpref, lzcnt, sse4a, tsc, tscinvbit, tscinv, bmi1

Memory: 4k page, physical 6149880k(312508k free), swap 19703412k(456k free)

vm_info: Java HotSpot(TM) 64-Bit Server VM (25.341-b10) for windows-amd64 JRE (1.8.0_341-b10), built on Jun 16 2022 15:51:07 by "java_re" with MS VC++ 15.9 (VS2017)

time: Sun Mar 19 19:46:48 2023
timezone: India Standard Time
elapsed time: 5.869744 seconds (0d 0h 0m 5s)

